[Browsersync] Access URLs:
 ---------------------------------------
       Local: http://localhost:3002
    External: http://192.168.173.62:3002
 ---------------------------------------
          UI: http://localhost:3003
 UI External: http://192.168.173.62:3003
 ---------------------------------------
[Browsersync] Serving files from: ./
[Browsersync] Watching files...
[Browsersync] File event [change] : style.css
[Browsersync] File event [change] : style.css
[Browsersync] File event [change] : style.css
[Browsersync] File event [change] : style.css
[Browsersync] File event [change] : style.css
[Browsersync] File event [change] : style.css
[Browsersync] File event [change] : style.css
[Browsersync] File event [change] : style.css
[Browsersync] File event [change] : style.css
[Browsersync] File event [change] : style.css
[Browsersync] File event [change] : style.css
[Browsersync] File event [change] : style.css
[Browsersync] File event [change] : style.css
[Browsersync] File event [change] : style.css
[Browsersync] File event [change] : style.css
[Browsersync] File event [change] : style.css
[Browsersync] File event [change] : style.css
[Browsersync] File event [change] : style.css
[Browsersync] File event [change] : style.css
[Browsersync] File event [change] : style.css
[Browsersync] File event [change] : style.css
[Browsersync] File event [change] : style.css
[Browsersync] File event [change] : style.css
[Browsersync] File event [change] : style.css
[Browsersync] File event [change] : style.css
[Browsersync] File event [change] : style.css
[Browsersync] File event [change] : style.css
[Browsersync] File event [change] : style.css
[Browsersync] File event [change] : style.css
[Browsersync] File event [change] : style.css
[Browsersync] File event [change] : style.css
[Browsersync] File event [change] : style.css
[Browsersync] File event [change] : style.css
[Browsersync] File event [change] : style.css
[Browsersync] File event [change] : style.css
[Browsersync] File event [change] : style.css
[Browsersync] File event [change] : style.css
[Browsersync] File event [change] : style.css
[Browsersync] File event [change] : style.css
[Browsersync] File event [change] : style.css
[Browsersync] File event [change] : style.css
[Browsersync] File event [change] : style.css
[Browsersync] File event [change] : style.css
[Browsersync] File event [change] : style.css
[Browsersync] File event [change] : style.css
[Browsersync] File event [change] : style.css
[Browsersync] File event [change] : style.css
[Browsersync] File event [change] : style.css
[Browsersync] File event [change] : style.css
[Browsersync] File event [change] : style.css
[Browsersync] File event [change] : style.css
[Browsersync] File event [change] : style.css
[Browsersync] File event [change] : style.css
[Browsersync] File event [change] : style.css
[Browsersync] File event [change] : style.css
[Browsersync] File event [change] : style.css
[Browsersync] File event [change] : style.css
[Browsersync] File event [change] : style.css
[Browsersync] File event [change] : style.css
[Browsersync] File event [change] : style.css
[Browsersync] File event [change] : style.css
[Browsersync] File event [change] : style.css
[Browsersync] File event [change] : style.css
[Browsersync] File event [change] : style.css
[Browsersync] File event [change] : style.css
[Browsersync] File event [change] : style.css
[Browsersync] File event [change] : style.css
[Browsersync] File event [change] : style.css
[Browsersync] Reloading Browsers...
[Browsersync] Reloading Browsers...
[Browsersync] Reloading Browsers...
[Browsersync] Access URLs:
 ----------------------------
 Local: http://localhost:3000
 ----------------------------
    UI: http://localhost:3001
 ----------------------------
[Browsersync] Serving files from: ./
[Browsersync] Watching files...
[Browsersync] File event [change] : style.css
[Browsersync] File event [change] : style.css
[Browsersync] File event [change] : style.css
[Browsersync] File event [change] : style.css
[Browsersync] File event [change] : style.css
[Browsersync] File event [change] : style.css
[Browsersync] File event [change] : style.css
[Browsersync] File event [change] : style.css
[Browsersync] File event [change] : style.css
[Browsersync] File event [change] : style.css
[Browsersync] File event [change] : style.css
[Browsersync] File event [change] : style.css
[Browsersync] File event [change] : style.css
[Browsersync] File event [change] : style.css
[Browsersync] File event [change] : style.css
[Browsersync] File event [change] : style.css
[Browsersync] File event [change] : style.css
[Browsersync] File event [change] : style.css
[Browsersync] File event [change] : style.css
[Browsersync] File event [change] : style.css
[Browsersync] File event [change] : style.css
[Browsersync] File event [change] : style.css
[Browsersync] File event [change] : style.css
[Browsersync] File event [change] : style.css
[Browsersync] File event [change] : style.css
[Browsersync] File event [change] : style.css
[Browsersync] File event [change] : style.css
[Browsersync] File event [change] : style.css
[Browsersync] File event [change] : style.css
[Browsersync] File event [change] : style.css
[Browsersync] File event [change] : style.css
[Browsersync] File event [change] : style.css
[Browsersync] File event [change] : style.css
[Browsersync] File event [change] : style.css
[Browsersync] File event [change] : style.css
[Browsersync] File event [change] : style.css
[Browsersync] File event [change] : style.css
[Browsersync] File event [change] : style.css
[Browsersync] File event [change] : style.css
[Browsersync] File event [change] : style.css
[Browsersync] File event [change] : style.css
[Browsersync] File event [change] : style.css
[Browsersync] File event [change] : style.css
[Browsersync] File event [change] : style.css
[Browsersync] File event [change] : style.css
[Browsersync] File event [change] : style.css
[Browsersync] File event [change] : style.css
[Browsersync] File event [change] : style.css
[Browsersync] File event [change] : style.css
[Browsersync] File event [change] : style.css
[Browsersync] File event [change] : style.css
[Browsersync] File event [change] : style.css
[Browsersync] File event [change] : style.css
[Browsersync] File event [change] : style.css
[Browsersync] File event [change] : style.css
[Browsersync] File event [change] : style.css
[Browsersync] File event [change] : style.css
[Browsersync] File event [change] : style.css
[Browsersync] File event [change] : style.css
[Browsersync] File event [change] : style.css
[Browsersync] File event [change] : style.css
[Browsersync] File event [change] : style.css
[Browsersync] File event [change] : style.css
[Browsersync] File event [change] : style.css
[Browsersync] File event [change] : style.css
[Browsersync] File event [change] : style.css
[Browsersync] File event [change] : style.css
[Browsersync] File event [change] : style.css
[Browsersync] File event [change] : style.css
[Browsersync] File event [change] : style.css
[Browsersync] File event [change] : style.css
[Browsersync] File event [change] : style.css
[Browsersync] File event [change] : style.css
[Browsersync] File event [change] : style.css
[Browsersync] File event [change] : style.css
[Browsersync] File event [change] : style.css
[Browsersync] File event [change] : style.css
[Browsersync] Access URLs:
 --------------------------------------
       Local: http://localhost:3000
    External: http://192.168.0.191:3000
 --------------------------------------
          UI: http://localhost:3001
 UI External: http://192.168.0.191:3001
 --------------------------------------
[Browsersync] Serving files from: ./
[Browsersync] Watching files...
[Browsersync] File event [change] : style.css
[Browsersync] File event [change] : style.css
[Browsersync] File event [change] : style.css
[Browsersync] File event [change] : style.css
[Browsersync] File event [change] : style.css
[Browsersync] File event [change] : style.css
[Browsersync] File event [change] : style.css
[Browsersync] File event [change] : style.css
[Browsersync] File event [change] : style.css
[Browsersync] File event [change] : style.css
[Browsersync] File event [change] : style.css
[Browsersync] File event [change] : style.css
[Browsersync] File event [change] : style.css
[Browsersync] File event [change] : style.css
[Browsersync] File event [change] : style.css
[Browsersync] File event [change] : style.css
[Browsersync] File event [change] : style.css
[Browsersync] File event [change] : style.css
[Browsersync] File event [change] : style.css
[Browsersync] File event [change] : style.css
[Browsersync] File event [change] : style.css
[Browsersync] File event [change] : style.css
[Browsersync] File event [change] : style.css
[Browsersync] File event [change] : style.css
[Browsersync] File event [change] : style.css
[Browsersync] File event [change] : style.css
[Browsersync] File event [change] : style.css
[Browsersync] File event [change] : style.css
[Browsersync] File event [change] : style.css
[Browsersync] File event [change] : style.css
[Browsersync] File event [change] : style.css
[Browsersync] File event [change] : style.css
[Browsersync] File event [change] : style.css
[Browsersync] File event [change] : style.css
[Browsersync] File event [change] : style.css
[Browsersync] File event [change] : style.css
[Browsersync] File event [change] : style.css
[Browsersync] File event [change] : style.css
[Browsersync] File event [change] : style.css
[Browsersync] File event [change] : style.css
[Browsersync] File event [change] : style.css
[Browsersync] File event [change] : style.css
[Browsersync] File event [change] : style.css
[Browsersync] File event [change] : style.css
[Browsersync] File event [change] : style.css
[Browsersync] File event [change] : style.css
[Browsersync] Reloading Browsers...
[Browsersync] Reloading Browsers...
[Browsersync] Reloading Browsers...
[Browsersync] Reloading Browsers...
[Browsersync] Reloading Browsers...
[Browsersync] Reloading Browsers...
[Browsersync] Reloading Browsers...
[Browsersync] Reloading Browsers...
[Browsersync] Reloading Browsers...
[Browsersync] Reloading Browsers...
[Browsersync] Reloading Browsers...
[Browsersync] Reloading Browsers...
[Browsersync] Reloading Browsers...
[Browsersync] Reloading Browsers...
[Browsersync] Reloading Browsers...
[Browsersync] Reloading Browsers...
[Browsersync] Reloading Browsers...
[Browsersync] Reloading Browsers...
[Browsersync] Reloading Browsers...
[Browsersync] Reloading Browsers...
[Browsersync] Reloading Browsers...
[Browsersync] Reloading Browsers...
[Browsersync] Reloading Browsers...
[Browsersync] Reloading Browsers...
[Browsersync] Reloading Browsers...
[Browsersync] Reloading Browsers...
[Browsersync] Reloading Browsers...
[Browsersync] Reloading Browsers...
[Browsersync] Reloading Browsers...
[Browsersync] Reloading Browsers...
[Browsersync] Access URLs:
 ----------------------------
 Local: http://localhost:3000
 ----------------------------
    UI: http://localhost:3001
 ----------------------------
[Browsersync] Serving files from: ./
[Browsersync] Watching files...
[Browsersync] Reloading Browsers...
[Browsersync] Reloading Browsers...
[Browsersync] Reloading Browsers...
[Browsersync] Reloading Browsers...
[Browsersync] Reloading Browsers...
[Browsersync] Reloading Browsers...
[Browsersync] Reloading Browsers...
[Browsersync] Reloading Browsers...
[Browsersync] Reloading Browsers...
[Browsersync] Reloading Browsers...
[Browsersync] Reloading Browsers...
[Browsersync] Reloading Browsers...
[Browsersync] Reloading Browsers...
[Browsersync] Reloading Browsers...
[Browsersync] File event [change] : style.css
[Browsersync] File event [change] : style.css
[Browsersync] File event [change] : style.css
[Browsersync] File event [change] : style.css
[Browsersync] File event [change] : style.css
[Browsersync] File event [change] : style.css
[Browsersync] File event [change] : style.css
[Browsersync] File event [change] : style.css
[Browsersync] File event [change] : style.css
[Browsersync] File event [change] : style.css
[Browsersync] Reloading Browsers...
[Browsersync] File event [change] : style.css
[Browsersync] File event [change] : style.css
[Browsersync] File event [change] : style.css
[Browsersync] File event [change] : style.css
[Browsersync] Access URLs:
 --------------------------------------
       Local: http://localhost:3000
    External: http://192.168.0.191:3000
 --------------------------------------
          UI: http://localhost:3001
 UI External: http://192.168.0.191:3001
 --------------------------------------
[Browsersync] Serving files from: ./
[Browsersync] Watching files...
[Browsersync] Reloading Browsers...
[Browsersync] Reloading Browsers...
[Browsersync] Reloading Browsers...
[Browsersync] Reloading Browsers...
[Browsersync] Reloading Browsers...
[Browsersync] Reloading Browsers...
[Browsersync] Reloading Browsers...
[Browsersync] Reloading Browsers...
[Browsersync] Reloading Browsers...
[Browsersync] Reloading Browsers...
[Browsersync] Reloading Browsers...
[Browsersync] Reloading Browsers...
[Browsersync] Reloading Browsers...
[Browsersync] Reloading Browsers...
[Browsersync] Reloading Browsers...
[Browsersync] Reloading Browsers...
[Browsersync] Reloading Browsers...
[Browsersync] Reloading Browsers...
[Browsersync] Reloading Browsers...
[Browsersync] Reloading Browsers...
[Browsersync] Reloading Browsers...
[Browsersync] Reloading Browsers...
[Browsersync] Reloading Browsers...
[Browsersync] Reloading Browsers...
[Browsersync] Reloading Browsers...
[Browsersync] Reloading Browsers...
[Browsersync] Reloading Browsers...
[Browsersync] Reloading Browsers...
[Browsersync] Reloading Browsers...
[Browsersync] Reloading Browsers...
[Browsersync] Reloading Browsers...
[Browsersync] Reloading Browsers...
[Browsersync] Reloading Browsers...
[Browsersync] Reloading Browsers...
[Browsersync] Reloading Browsers...
[Browsersync] Reloading Browsers...
[Browsersync] Reloading Browsers...
[Browsersync] Reloading Browsers...
[Browsersync] Reloading Browsers...
[Browsersync] Reloading Browsers...
[Browsersync] Reloading Browsers...
[Browsersync] Reloading Browsers...
[Browsersync] Reloading Browsers...
[Browsersync] Reloading Browsers...
[Browsersync] Reloading Browsers...
[Browsersync] Reloading Browsers...
[Browsersync] Reloading Browsers...
[Browsersync] Reloading Browsers...
[Browsersync] Reloading Browsers...
[Browsersync] Reloading Browsers...
[Browsersync] Reloading Browsers...
[Browsersync] Reloading Browsers...
[Browsersync] Reloading Browsers...
[Browsersync] Reloading Browsers...
[Browsersync] Reloading Browsers...
[Browsersync] Reloading Browsers...
[Browsersync] Reloading Browsers...
[Browsersync] Reloading Browsers...
[Browsersync] Reloading Browsers...
[Browsersync] Reloading Browsers...
[Browsersync] Reloading Browsers...
[Browsersync] Reloading Browsers...
[Browsersync] Reloading Browsers...
[Browsersync] Reloading Browsers...
[Browsersync] Reloading Browsers...
[Browsersync] Reloading Browsers...
[Browsersync] Reloading Browsers...
[Browsersync] Reloading Browsers...
[Browsersync] Reloading Browsers...
[Browsersync] Reloading Browsers...
[Browsersync] Reloading Browsers...
[Browsersync] Reloading Browsers...
[Browsersync] Reloading Browsers...
[Browsersync] Reloading Browsers...
[Browsersync] Reloading Browsers...
[Browsersync] Reloading Browsers...
[Browsersync] Reloading Browsers...
[Browsersync] Reloading Browsers...
[Browsersync] Reloading Browsers...
[Browsersync] Access URLs:
 --------------------------------------
       Local: http://localhost:3002
    External: http://192.168.0.191:3002
 --------------------------------------
          UI: http://localhost:3003
 UI External: http://192.168.0.191:3003
 --------------------------------------
[Browsersync] Serving files from: ./
[Browsersync] Watching files...
[Browsersync] Reloading Browsers...
[Browsersync] Reloading Browsers...
[Browsersync] Reloading Browsers...
[Browsersync] Reloading Browsers...
[Browsersync] Reloading Browsers...
[Browsersync] Reloading Browsers...
[Browsersync] Reloading Browsers...
[Browsersync] Reloading Browsers...
[Browsersync] Reloading Browsers...
[Browsersync] Reloading Browsers...
[Browsersync] Reloading Browsers...
[Browsersync] Reloading Browsers...
[Browsersync] Reloading Browsers...
[Browsersync] Reloading Browsers...
[Browsersync] Reloading Browsers...
[Browsersync] Reloading Browsers...
[Browsersync] Reloading Browsers...
[Browsersync] Reloading Browsers...
[Browsersync] Reloading Browsers...
[Browsersync] Reloading Browsers...
[Browsersync] Reloading Browsers...
[Browsersync] Reloading Browsers...
[Browsersync] Reloading Browsers...
[Browsersync] Reloading Browsers...
[Browsersync] Reloading Browsers...
[Browsersync] Reloading Browsers...
[Browsersync] Reloading Browsers...
[Browsersync] Reloading Browsers...
[Browsersync] Reloading Browsers...
[Browsersync] Reloading Browsers...
[Browsersync] Reloading Browsers...
[Browsersync] Reloading Browsers...
[Browsersync] Reloading Browsers...
[Browsersync] Reloading Browsers...
[Browsersync] Reloading Browsers...
[Browsersync] Reloading Browsers...
[Browsersync] Reloading Browsers...
[Browsersync] Reloading Browsers...
[Browsersync] Reloading Browsers...
[Browsersync] Reloading Browsers...
[Browsersync] Reloading Browsers...
[Browsersync] Reloading Browsers...
[Browsersync] Reloading Browsers...
[Browsersync] Reloading Browsers...
[Browsersync] Reloading Browsers...
[Browsersync] Reloading Browsers...
[Browsersync] Reloading Browsers...
[Browsersync] Reloading Browsers...
[Browsersync] Reloading Browsers...
[Browsersync] Reloading Browsers...
[Browsersync] Reloading Browsers...
[Browsersync] Reloading Browsers...
[Browsersync] Reloading Browsers...
[Browsersync] Reloading Browsers...
[Browsersync] Reloading Browsers...
[Browsersync] Reloading Browsers...
[Browsersync] Reloading Browsers...
[Browsersync] Reloading Browsers...
[Browsersync] Reloading Browsers...
[Browsersync] Reloading Browsers...
[Browsersync] Reloading Browsers...
[Browsersync] Reloading Browsers...
[Browsersync] Reloading Browsers...
[Browsersync] Reloading Browsers...
[Browsersync] Reloading Browsers...
[Browsersync] Reloading Browsers...
[Browsersync] Reloading Browsers...
[Browsersync] Reloading Browsers...
[Browsersync] Reloading Browsers...
[Browsersync] Reloading Browsers...
[Browsersync] Reloading Browsers...
[Browsersync] Reloading Browsers...
[Browsersync] Reloading Browsers...
[Browsersync] Reloading Browsers...
[Browsersync] Reloading Browsers...
[Browsersync] Reloading Browsers...
[Browsersync] Reloading Browsers...
[Browsersync] Reloading Browsers...
[Browsersync] Reloading Browsers...
[Browsersync] Reloading Browsers...
[Browsersync] Reloading Browsers...
[Browsersync] Reloading Browsers...
[Browsersync] Reloading Browsers...
[Browsersync] Reloading Browsers...
[Browsersync] File event [change] : style.css
[Browsersync] File event [change] : style.css
[Browsersync] File event [change] : style.css
[Browsersync] File event [change] : style.css
[Browsersync] File event [change] : style.css
[Browsersync] File event [change] : style.css
[Browsersync] File event [change] : style.css
[Browsersync] File event [change] : style.css
[Browsersync] File event [change] : style.css
[Browsersync] File event [change] : style.css
[Browsersync] File event [change] : style.css
[Browsersync] File event [change] : style.css
[Browsersync] File event [change] : style.css
[Browsersync] File event [change] : style.css
[Browsersync] File event [change] : style.css
[Browsersync] File event [change] : style.css
[Browsersync] File event [change] : style.css
[Browsersync] File event [change] : style.css
[Browsersync] File event [change] : style.css
[Browsersync] File event [change] : style.css
[Browsersync] File event [change] : style.css
[Browsersync] File event [change] : style.css
[Browsersync] File event [change] : style.css
[Browsersync] File event [change] : style.css
[Browsersync] File event [change] : style.css
[Browsersync] File event [change] : style.css
[Browsersync] File event [change] : style.css
[Browsersync] File event [change] : style.css
[Browsersync] File event [change] : style.css
[Browsersync] File event [change] : style.css
[Browsersync] Reloading Browsers...
[Browsersync] Reloading Browsers...
[Browsersync] Reloading Browsers...
[Browsersync] Reloading Browsers...
[Browsersync] Reloading Browsers...
[Browsersync] Reloading Browsers...
[Browsersync] Reloading Browsers...
[Browsersync] Reloading Browsers...
[Browsersync] Reloading Browsers...
[Browsersync] Reloading Browsers...
[Browsersync] Reloading Browsers...
[Browsersync] Reloading Browsers...
[Browsersync] Reloading Browsers...
[Browsersync] Reloading Browsers...
[Browsersync] Reloading Browsers...
[Browsersync] Reloading Browsers...
[Browsersync] File event [change] : style.css
[Browsersync] File event [change] : style.css
[Browsersync] File event [change] : style.css
[Browsersync] File event [change] : style.css
[Browsersync] File event [change] : style.css
[Browsersync] File event [change] : style.css
[Browsersync] File event [change] : style.css
[Browsersync] File event [change] : style.css
[Browsersync] File event [change] : style.css
[Browsersync] File event [change] : style.css
[Browsersync] File event [change] : style.css
[Browsersync] File event [change] : style.css
[Browsersync] File event [change] : style.css
[Browsersync] File event [change] : style.css
[Browsersync] File event [change] : style.css
[Browsersync] File event [change] : style.css
[Browsersync] File event [change] : style.css
[Browsersync] File event [change] : style.css
[Browsersync] Reloading Browsers...
[Browsersync] Reloading Browsers...
[Browsersync] Reloading Browsers...
[Browsersync] Reloading Browsers...
[Browsersync] Reloading Browsers...
[Browsersync] Reloading Browsers...
[Browsersync] Reloading Browsers...
[Browsersync] Reloading Browsers...
[Browsersync] Access URLs:
 --------------------------------------
       Local: http://localhost:3000
    External: http://192.168.0.191:3000
 --------------------------------------
          UI: http://localhost:3001
 UI External: http://192.168.0.191:3001
 --------------------------------------
[Browsersync] Serving files from: ./
[Browsersync] Watching files...
[Browsersync] Reloading Browsers...
[Browsersync] Reloading Browsers...
[Browsersync] Reloading Browsers...
[Browsersync] File event [change] : style.css
[Browsersync] File event [change] : style.css
[Browsersync] File event [change] : style.css
[Browsersync] File event [change] : style.css
[Browsersync] File event [change] : style.css
[Browsersync] File event [change] : style.css
[Browsersync] File event [change] : style.css
[Browsersync] File event [change] : style.css
[Browsersync] File event [change] : style.css
[Browsersync] File event [change] : style.css
[Browsersync] File event [change] : style.css
[Browsersync] File event [change] : style.css
[Browsersync] File event [change] : style.css
[Browsersync] File event [change] : style.css
[Browsersync] File event [change] : style.css
[Browsersync] File event [change] : style.css
[Browsersync] File event [change] : style.css
[Browsersync] File event [change] : style.css
[Browsersync] File event [change] : style.css
[Browsersync] File event [change] : style.css
[Browsersync] File event [change] : style.css
[Browsersync] File event [change] : style.css
[Browsersync] File event [change] : style.css
[Browsersync] File event [change] : style.css
[Browsersync] File event [change] : style.css
[Browsersync] File event [change] : style.css
[Browsersync] File event [change] : style.css
[Browsersync] File event [change] : style.css
[Browsersync] File event [change] : style.css
[Browsersync] File event [change] : style.css
[Browsersync] Reloading Browsers...
[Browsersync] Reloading Browsers...
[Browsersync] File event [change] : style.css
[Browsersync] File event [change] : style.css
[Browsersync] File event [change] : style.css
[Browsersync] File event [change] : style.css
[Browsersync] File event [change] : style.css
[Browsersync] File event [change] : style.css
[Browsersync] File event [change] : style.css
[Browsersync] File event [change] : style.css
[Browsersync] File event [change] : style.css
[Browsersync] File event [change] : style.css
[Browsersync] File event [change] : style.css
[Browsersync] Reloading Browsers...
[Browsersync] Reloading Browsers...
[Browsersync] Reloading Browsers...
[Browsersync] Reloading Browsers...
[Browsersync] Reloading Browsers...
[Browsersync] Reloading Browsers...
[Browsersync] Reloading Browsers...
[Browsersync] Reloading Browsers...
[Browsersync] Reloading Browsers...
[Browsersync] Reloading Browsers...
[Browsersync] Reloading Browsers...
[Browsersync] Reloading Browsers...
[Browsersync] Reloading Browsers...
[Browsersync] Reloading Browsers...
[Browsersync] Access URLs:
 --------------------------------------
       Local: http://localhost:3000
    External: http://192.168.0.191:3000
 --------------------------------------
          UI: http://localhost:3001
 UI External: http://192.168.0.191:3001
 --------------------------------------
[Browsersync] Serving files from: ./
[Browsersync] Watching files...
[Browsersync] Reloading Browsers...
[Browsersync] Reloading Browsers...
[Browsersync] Reloading Browsers...
[Browsersync] Reloading Browsers...
[Browsersync] Reloading Browsers...
[Browsersync] Reloading Browsers...
[Browsersync] Reloading Browsers...
[Browsersync] Reloading Browsers...
[Browsersync] Reloading Browsers...
[Browsersync] Reloading Browsers...
[Browsersync] Access URLs:
 --------------------------------------
       Local: http://localhost:3002
    External: http://192.168.0.191:3002
 --------------------------------------
          UI: http://localhost:3003
 UI External: http://192.168.0.191:3003
 --------------------------------------
[Browsersync] Serving files from: ./
[Browsersync] Watching files...
[Browsersync] Reloading Browsers...
[Browsersync] Reloading Browsers...
[Browsersync] Reloading Browsers...
[Browsersync] Reloading Browsers...
[Browsersync] Reloading Browsers...
[Browsersync] Reloading Browsers...
[Browsersync] Reloading Browsers...
[Browsersync] Reloading Browsers...
[Browsersync] Reloading Browsers...
[Browsersync] Reloading Browsers...
[Browsersync] Reloading Browsers...
[Browsersync] Reloading Browsers...
[Browsersync] Reloading Browsers...
[Browsersync] Reloading Browsers...
[Browsersync] Reloading Browsers...
[Browsersync] Reloading Browsers...
[Browsersync] Reloading Browsers...
[Browsersync] Reloading Browsers...
[Browsersync] Reloading Browsers...
[Browsersync] Reloading Browsers...
[Browsersync] Reloading Browsers...
[Browsersync] Reloading Browsers...
[Browsersync] Reloading Browsers...
[Browsersync] Reloading Browsers...
[Browsersync] Reloading Browsers...
[Browsersync] Reloading Browsers...
[Browsersync] Reloading Browsers...
[Browsersync] Reloading Browsers...
[Browsersync] Reloading Browsers...
[Browsersync] Reloading Browsers...
[Browsersync] Reloading Browsers...
[Browsersync] Reloading Browsers...
[Browsersync] Reloading Browsers...
[Browsersync] Reloading Browsers...
[Browsersync] Reloading Browsers...
[Browsersync] Reloading Browsers...
[Browsersync] Reloading Browsers...
[Browsersync] Reloading Browsers...
[Browsersync] Reloading Browsers...
[Browsersync] Reloading Browsers...
[Browsersync] Reloading Browsers...
[Browsersync] Reloading Browsers...
[Browsersync] Reloading Browsers...
[Browsersync] Reloading Browsers...
[Browsersync] Reloading Browsers...
[Browsersync] Reloading Browsers...
[Browsersync] Reloading Browsers...
[Browsersync] Reloading Browsers...
[Browsersync] Reloading Browsers...
[Browsersync] Reloading Browsers...
[Browsersync] Reloading Browsers...
[Browsersync] Reloading Browsers...
[Browsersync] Reloading Browsers...
[Browsersync] Reloading Browsers...
[Browsersync] Reloading Browsers...
[Browsersync] Reloading Browsers...
[Browsersync] Reloading Browsers...
[Browsersync] Reloading Browsers...
[Browsersync] Reloading Browsers...
[Browsersync] Reloading Browsers...
[Browsersync] Reloading Browsers...
[Browsersync] Reloading Browsers...
[Browsersync] Reloading Browsers...
[Browsersync] Reloading Browsers...
[Browsersync] Reloading Browsers...
[Browsersync] Reloading Browsers...
[Browsersync] Reloading Browsers...
[Browsersync] Reloading Browsers...
[Browsersync] Reloading Browsers...
[Browsersync] Reloading Browsers...
[Browsersync] Reloading Browsers...
[Browsersync] Reloading Browsers...
[Browsersync] Reloading Browsers...
[Browsersync] Reloading Browsers...
[Browsersync] Reloading Browsers...
[Browsersync] Reloading Browsers...
[Browsersync] Reloading Browsers...
[Browsersync] Reloading Browsers...
[Browsersync] Reloading Browsers...
[Browsersync] Reloading Browsers...
[Browsersync] Reloading Browsers...
[Browsersync] Reloading Browsers...
[Browsersync] Reloading Browsers...
[Browsersync] Reloading Browsers...
[Browsersync] Reloading Browsers...
[Browsersync] Reloading Browsers...
[Browsersync] Reloading Browsers...
[Browsersync] Reloading Browsers...
[Browsersync] Reloading Browsers...
[Browsersync] Reloading Browsers...
[Browsersync] Reloading Browsers...
[Browsersync] Reloading Browsers...
[Browsersync] Reloading Browsers...
[Browsersync] Reloading Browsers...
[Browsersync] Reloading Browsers...
[Browsersync] Reloading Browsers...
[Browsersync] Reloading Browsers...
[Browsersync] Reloading Browsers...
[Browsersync] Reloading Browsers...
[Browsersync] Reloading Browsers...
[Browsersync] Reloading Browsers...
[Browsersync] Reloading Browsers...
[Browsersync] Reloading Browsers...
[Browsersync] Reloading Browsers...
[Browsersync] Reloading Browsers...
[Browsersync] Reloading Browsers...
[Browsersync] Reloading Browsers...
[Browsersync] Reloading Browsers...
[Browsersync] Reloading Browsers...
[Browsersync] Reloading Browsers...
[Browsersync] Access URLs:
 --------------------------------------
       Local: http://localhost:3000
    External: http://192.168.0.191:3000
 --------------------------------------
          UI: http://localhost:3001
 UI External: http://192.168.0.191:3001
 --------------------------------------
[Browsersync] Serving files from: ./
[Browsersync] Watching files...
[Browsersync] Reloading Browsers...
[Browsersync] Reloading Browsers...
[Browsersync] Reloading Browsers...
[Browsersync] Reloading Browsers...
[Browsersync] Reloading Browsers...
[Browsersync] Reloading Browsers...
[Browsersync] Reloading Browsers...
[Browsersync] Reloading Browsers...
[Browsersync] Reloading Browsers...
[Browsersync] Reloading Browsers...
[Browsersync] Reloading Browsers...
[Browsersync] Reloading Browsers...
[Browsersync] Reloading Browsers...
[Browsersync] Reloading Browsers...
[Browsersync] Reloading Browsers...
[Browsersync] Reloading Browsers...
[Browsersync] Reloading Browsers...
[Browsersync] Reloading Browsers...
[Browsersync] Reloading Browsers...
[Browsersync] Reloading Browsers...
[Browsersync] Reloading Browsers...
[Browsersync] Reloading Browsers...
[Browsersync] Reloading Browsers...
[Browsersync] Reloading Browsers...
[Browsersync] Reloading Browsers...
[Browsersync] Reloading Browsers...
[Browsersync] Reloading Browsers...
[Browsersync] Reloading Browsers...
[Browsersync] Reloading Browsers...
[Browsersync] Reloading Browsers...
[Browsersync] Reloading Browsers...
[Browsersync] Reloading Browsers...
[Browsersync] Reloading Browsers...
[Browsersync] Reloading Browsers...
[Browsersync] Reloading Browsers...
[Browsersync] Reloading Browsers...
[Browsersync] Reloading Browsers...
[Browsersync] Reloading Browsers...
[Browsersync] Reloading Browsers...
[Browsersync] Reloading Browsers...
[Browsersync] Reloading Browsers...
[Browsersync] Reloading Browsers...
[Browsersync] Reloading Browsers...
[Browsersync] Reloading Browsers...
[Browsersync] Reloading Browsers...
[Browsersync] Reloading Browsers...
[Browsersync] Reloading Browsers...
[Browsersync] Reloading Browsers...
[Browsersync] Reloading Browsers...
[Browsersync] Reloading Browsers...
[Browsersync] Reloading Browsers...
[Browsersync] Reloading Browsers...
[Browsersync] Reloading Browsers...
[Browsersync] Reloading Browsers...
[Browsersync] Reloading Browsers...
[Browsersync] Reloading Browsers...
[Browsersync] Reloading Browsers...
[Browsersync] Reloading Browsers...
[Browsersync] Reloading Browsers...
[Browsersync] Reloading Browsers...
[Browsersync] Reloading Browsers...
[Browsersync] Reloading Browsers...
[Browsersync] Reloading Browsers...
[Browsersync] Reloading Browsers...
[Browsersync] Access URLs:
 --------------------------------------
       Local: http://localhost:3000
    External: http://192.168.0.191:3000
 --------------------------------------
          UI: http://localhost:3001
 UI External: http://192.168.0.191:3001
 --------------------------------------
[Browsersync] Serving files from: ./
[Browsersync] Watching files...
[Browsersync] Reloading Browsers...
[Browsersync] Reloading Browsers...
[Browsersync] Reloading Browsers...
[Browsersync] Reloading Browsers...
[Browsersync] Reloading Browsers...
[Browsersync] Reloading Browsers...
[Browsersync] Reloading Browsers...
[Browsersync] Reloading Browsers...
[Browsersync] Reloading Browsers...
[Browsersync] Reloading Browsers...
[Browsersync] Reloading Browsers...
[Browsersync] Reloading Browsers...
[Browsersync] Reloading Browsers...
[Browsersync] Reloading Browsers...
[Browsersync] Reloading Browsers...
[Browsersync] Reloading Browsers...
[Browsersync] Reloading Browsers...
[Browsersync] Reloading Browsers...
[Browsersync] Reloading Browsers...
[Browsersync] Reloading Browsers...
[Browsersync] Reloading Browsers...
[Browsersync] Reloading Browsers...
[Browsersync] Reloading Browsers...
[Browsersync] Reloading Browsers...
[Browsersync] Reloading Browsers...
[Browsersync] Reloading Browsers...
[Browsersync] Reloading Browsers...
[Browsersync] Reloading Browsers...
[Browsersync] Reloading Browsers...
[Browsersync] Reloading Browsers...
[Browsersync] Reloading Browsers...
[Browsersync] Reloading Browsers...
[Browsersync] Reloading Browsers...
[Browsersync] Reloading Browsers...
[Browsersync] Reloading Browsers...
[Browsersync] Reloading Browsers...
[Browsersync] Reloading Browsers...
[Browsersync] Reloading Browsers...
[Browsersync] Reloading Browsers...
[Browsersync] Reloading Browsers...
[Browsersync] Reloading Browsers...
[Browsersync] Reloading Browsers...
[Browsersync] Reloading Browsers...
[Browsersync] Reloading Browsers...
[Browsersync] Reloading Browsers...
[Browsersync] Access URLs:
 --------------------------------------
       Local: http://localhost:3002
    External: http://192.168.0.191:3002
 --------------------------------------
          UI: http://localhost:3003
 UI External: http://192.168.0.191:3003
 --------------------------------------
[Browsersync] Serving files from: ./
[Browsersync] Watching files...
[Browsersync] Reloading Browsers...
[Browsersync] Reloading Browsers...
[Browsersync] Reloading Browsers...
[Browsersync] Reloading Browsers...
[Browsersync] Reloading Browsers...
[Browsersync] Reloading Browsers...
[Browsersync] Reloading Browsers...
[Browsersync] Reloading Browsers...
[Browsersync] Reloading Browsers...
[Browsersync] Reloading Browsers...
[Browsersync] Reloading Browsers...
[Browsersync] Reloading Browsers...
[Browsersync] Reloading Browsers...
[Browsersync] Reloading Browsers...
[Browsersync] Reloading Browsers...
[Browsersync] Reloading Browsers...
